Determining if the pthread_create exist failed with the following output:
Change Dir: /home/marcgenevat/ros_tutorials/catkin_ws/build/CMakeFiles/CMakeTmp

Run Build Command:/usr/bin/make "cmTryCompileExec4163944119/fast"
/usr/bin/make -f CMakeFiles/cmTryCompileExec4163944119.dir/build.make CMakeFiles/cmTryCompileExec4163944119.dir/build
make[1]: Entering directory `/home/marcgenevat/ros_tutorials/catkin_ws/build/CMakeFiles/CMakeTmp'
/usr/bin/cmake -E cmake_progress_report /home/marcgenevat/ros_tutorials/catkin_ws/build/CMakeFiles/CMakeTmp/CMakeFiles 1
Building C object CMakeFiles/cmTryCompileExec4163944119.dir/CheckSymbolExists.c.o
/usr/bin/cc    -o CMakeFiles/cmTryCompileExec4163944119.dir/CheckSymbolExists.c.o   -c /home/marcgenevat/ros_tutorials/catkin_ws/build/CMakeFiles/CMakeTmp/CheckSymbolExists.c
Linking C executable cmTryCompileExec4163944119
/usr/bin/cmake -E cmake_link_script CMakeFiles/cmTryCompileExec4163944119.dir/link.txt --verbose=1
/usr/bin/cc       CMakeFiles/cmTryCompileExec4163944119.dir/CheckSymbolExists.c.o  -o cmTryCompileExec4163944119 -rdynamic 
CMakeFiles/cmTryCompileExec4163944119.dir/CheckSymbolExists.c.o: In function `main':
CheckSymbolExists.c:(.text+0x16): undefined reference to `pthread_create'
collect2: error: ld returned 1 exit status
make[1]: Leaving directory `/home/marcgenevat/ros_tutorials/catkin_ws/build/CMakeFiles/CMakeTmp'
make[1]: *** [cmTryCompileExec4163944119] Error 1
make: *** [cmTryCompileExec4163944119/fast] Error 2

File /home/marcgenevat/ros_tutorials/catkin_ws/build/CMakeFiles/CMakeTmp/CheckSymbolExists.c:
/* */
#include <pthread.h>

int main(int argc, char** argv)
{
  (void)argv;
#ifndef pthread_create
  return ((int*)(&pthread_create))[argc];
#else
  (void)argc;
  return 0;
#endif
}

Determining if the function pthread_create exists in the pthreads failed with the following output:
Change Dir: /home/marcgenevat/ros_tutorials/catkin_ws/build/CMakeFiles/CMakeTmp

Run Build Command:/usr/bin/make "cmTryCompileExec930486712/fast"
/usr/bin/make -f CMakeFiles/cmTryCompileExec930486712.dir/build.make CMakeFiles/cmTryCompileExec930486712.dir/build
make[1]: Entering directory `/home/marcgenevat/ros_tutorials/catkin_ws/build/CMakeFiles/CMakeTmp'
/usr/bin/cmake -E cmake_progress_report /home/marcgenevat/ros_tutorials/catkin_ws/build/CMakeFiles/CMakeTmp/CMakeFiles 1
Building C object CMakeFiles/cmTryCompileExec930486712.dir/CheckFunctionExists.c.o
/usr/bin/cc   -DCHECK_FUNCTION_EXISTS=pthread_create   -o CMakeFiles/cmTryCompileExec930486712.dir/CheckFunctionExists.c.o   -c /usr/share/cmake-2.8/Modules/CheckFunctionExists.c
Linking C executable cmTryCompileExec930486712
/usr/bin/cmake -E cmake_link_script CMakeFiles/cmTryCompileExec930486712.dir/link.txt --verbose=1
/usr/bin/cc   -DCHECK_FUNCTION_EXISTS=pthread_create    CMakeFiles/cmTryCompileExec930486712.dir/CheckFunctionExists.c.o  -o cmTryCompileExec930486712 -rdynamic -lpthreads 
/usr/bin/ld: cannot find -lpthreads
collect2: error: ld returned 1 exit status
make[1]: *** [cmTryCompileExec930486712] Error 1
make[1]: Leaving directory `/home/marcgenevat/ros_tutorials/catkin_ws/build/CMakeFiles/CMakeTmp'
make: *** [cmTryCompileExec930486712/fast] Error 2


